# JRE version: Java(TM) SE Runtime Environment (8.0_101-b13) (build 1.8.0_101-b13)
# Java VM: Java HotSpot(TM) 64-Bit Server VM (25.101-b13 mixed mode windows-amd64 compressed oops)
Heap:
 PSYoungGen      total 238592K, used 18193K [0x00000000e0000000, 0x00000000f4000000, 0x0000000100000000)
  eden space 174080K, 0% used [0x00000000e0000000,0x00000000e0000000,0x00000000eaa00000)
  from space 64512K, 28% used [0x00000000eaa00000,0x00000000ebbc46d8,0x00000000ee900000)
  to   space 61952K, 0% used [0x00000000f0380000,0x00000000f0380000,0x00000000f4000000)
 ParOldGen       total 118272K, used 117752K [0x00000000a0000000, 0x00000000a7380000, 0x00000000e0000000)
  object space 118272K, 99% used [0x00000000a0000000,0x00000000a72fe1b0,0x00000000a7380000)
 Metaspace       used 98663K, capacity 101282K, committed 101632K, reserved 1136640K
  class space    used 13409K, capacity 14032K, committed 14080K, reserved 1048576K
GC Heap History (10 events):
Event: 953.742 GC heap after
Heap after GC invocations=29 (full 4):
 PSYoungGen      total 164352K, used 32751K [0x00000000e0000000, 0x00000000ef100000, 0x0000000100000000)
  eden space 131584K, 0% used [0x00000000e0000000,0x00000000e0000000,0x00000000e8080000)
  from space 32768K, 99% used [0x00000000e8080000,0x00000000ea07bf60,0x00000000ea080000)
  to   space 41984K, 0% used [0x00000000ec800000,0x00000000ec800000,0x00000000ef100000)
 ParOldGen       total 118272K, used 68205K [0x00000000a0000000, 0x00000000a7380000, 0x00000000e0000000)
  object space 118272K, 57% used [0x00000000a0000000,0x00000000a429b6b8,0x00000000a7380000)
 Metaspace       used 85235K, capacity 87804K, committed 88192K, reserved 1124352K
  class space    used 11718K, capacity 12303K, committed 12416K, reserved 1048576K
}
Event: 977.085 GC heap before
{Heap before GC invocations=30 (full 4):
 PSYoungGen      total 164352K, used 164335K [0x00000000e0000000, 0x00000000ef100000, 0x0000000100000000)
  eden space 131584K, 100% used [0x00000000e0000000,0x00000000e8080000,0x00000000e8080000)
  from space 32768K, 99% used [0x00000000e8080000,0x00000000ea07bf60,0x00000000ea080000)
  to   space 41984K, 0% used [0x00000000ec800000,0x00000000ec800000,0x00000000ef100000)
 ParOldGen       total 118272K, used 68205K [0x00000000a0000000, 0x00000000a7380000, 0x00000000e0000000)
  object space 118272K, 57% used [0x00000000a0000000,0x00000000a429b6b8,0x00000000a7380000)
 Metaspace       used 90609K, capacity 93130K, committed 93440K, reserved 1130496K
  class space    used 12659K, capacity 13276K, committed 13312K, reserved 1048576K
Event: 977.438 GC heap after
Heap after GC invocations=30 (full 4):
 PSYoungGen      total 195072K, used 41978K [0x00000000e0000000, 0x00000000efc80000, 0x0000000100000000)
  eden space 153088K, 0% used [0x00000000e0000000,0x00000000e0000000,0x00000000e9580000)
  from space 41984K, 99% used [0x00000000ec800000,0x00000000ef0fe850,0x00000000ef100000)
  to   space 51712K, 0% used [0x00000000e9580000,0x00000000e9580000,0x00000000ec800000)
 ParOldGen       total 118272K, used 76004K [0x00000000a0000000, 0x00000000a7380000, 0x00000000e0000000)
  object space 118272K, 64% used [0x00000000a0000000,0x00000000a4a39120,0x00000000a7380000)
 Metaspace       used 90609K, capacity 93130K, committed 93440K, reserved 1130496K
  class space    used 12659K, capacity 13276K, committed 13312K, reserved 1048576K
}
Event: 1005.558 GC heap before
{Heap before GC invocations=31 (full 4):
 PSYoungGen      total 195072K, used 195066K [0x00000000e0000000, 0x00000000efc80000, 0x0000000100000000)
  eden space 153088K, 100% used [0x00000000e0000000,0x00000000e9580000,0x00000000e9580000)
  from space 41984K, 99% used [0x00000000ec800000,0x00000000ef0fe850,0x00000000ef100000)
  to   space 51712K, 0% used [0x00000000e9580000,0x00000000e9580000,0x00000000ec800000)
 ParOldGen       total 118272K, used 76004K [0x00000000a0000000, 0x00000000a7380000, 0x00000000e0000000)
  object space 118272K, 64% used [0x00000000a0000000,0x00000000a4a39120,0x00000000a7380000)
 Metaspace       used 91999K, capacity 94558K, committed 94848K, reserved 1130496K
  class space    used 12783K, capacity 13418K, committed 13440K, reserved 1048576K
Event: 1005.981 GC heap after
Heap after GC invocations=31 (full 4):
 PSYoungGen      total 204800K, used 49371K [0x00000000e0000000, 0x00000000f2280000, 0x0000000100000000)
  eden space 153088K, 0% used [0x00000000e0000000,0x00000000e0000000,0x00000000e9580000)
  from space 51712K, 95% used [0x00000000e9580000,0x00000000ec5b6e50,0x00000000ec800000)
  to   space 58880K, 0% used [0x00000000ee900000,0x00000000ee900000,0x00000000f2280000)
 ParOldGen       total 118272K, used 80189K [0x00000000a0000000, 0x00000000a7380000, 0x00000000e0000000)
  object space 118272K, 67% used [0x00000000a0000000,0x00000000a4e4f5f0,0x00000000a7380000)
 Metaspace       used 91999K, capacity 94558K, committed 94848K, reserved 1130496K
  class space    used 12783K, capacity 13418K, committed 13440K, reserved 1048576K
}
Event: 1029.883 GC heap before
{Heap before GC invocations=32 (full 4):
 PSYoungGen      total 204800K, used 202459K [0x00000000e0000000, 0x00000000f2280000, 0x0000000100000000)
  eden space 153088K, 100% used [0x00000000e0000000,0x00000000e9580000,0x00000000e9580000)
  from space 51712K, 95% used [0x00000000e9580000,0x00000000ec5b6e50,0x00000000ec800000)
  to   space 58880K, 0% used [0x00000000ee900000,0x00000000ee900000,0x00000000f2280000)
 ParOldGen       total 118272K, used 80189K [0x00000000a0000000, 0x00000000a7380000, 0x00000000e0000000)
  object space 118272K, 67% used [0x00000000a0000000,0x00000000a4e4f5f0,0x00000000a7380000)
 Metaspace       used 97078K, capacity 99714K, committed 99968K, reserved 1134592K
  class space    used 13332K, capacity 13936K, committed 13952K, reserved 1048576K
Event: 1030.190 GC heap after
Heap after GC invocations=32 (full 4):
 PSYoungGen      total 232960K, used 47512K [0x00000000e0000000, 0x00000000f2d00000, 0x0000000100000000)
  eden space 174080K, 0% used [0x00000000e0000000,0x00000000e0000000,0x00000000eaa00000)
  from space 58880K, 80% used [0x00000000ee900000,0x00000000f17661d8,0x00000000f2280000)
  to   space 64512K, 0% used [0x00000000eaa00000,0x00000000eaa00000,0x00000000ee900000)
 ParOldGen       total 118272K, used 90903K [0x00000000a0000000, 0x00000000a7380000, 0x00000000e0000000)
  object space 118272K, 76% used [0x00000000a0000000,0x00000000a58c5fa8,0x00000000a7380000)
 Metaspace       used 97078K, capacity 99714K, committed 99968K, reserved 1134592K
  class space    used 13332K, capacity 13936K, committed 13952K, reserved 1048576K
}
Event: 1051.781 GC heap before
{Heap before GC invocations=33 (full 4):
 PSYoungGen      total 232960K, used 221592K [0x00000000e0000000, 0x00000000f2d00000, 0x0000000100000000)
  eden space 174080K, 100% used [0x00000000e0000000,0x00000000eaa00000,0x00000000eaa00000)
  from space 58880K, 80% used [0x00000000ee900000,0x00000000f17661d8,0x00000000f2280000)
  to   space 64512K, 0% used [0x00000000eaa00000,0x00000000eaa00000,0x00000000ee900000)
 ParOldGen       total 118272K, used 90903K [0x00000000a0000000, 0x00000000a7380000, 0x00000000e0000000)
  object space 118272K, 76% used [0x00000000a0000000,0x00000000a58c5fa8,0x00000000a7380000)
 Metaspace       used 98663K, capacity 101282K, committed 101632K, reserved 1136640K
  class space    used 13409K, capacity 14032K, committed 14080K, reserved 1048576K
Event: 1052.117 GC heap after
Heap after GC invocations=33 (full 4):
 PSYoungGen      total 238592K, used 18193K [0x00000000e0000000, 0x00000000f4000000, 0x0000000100000000)
  eden space 174080K, 0% used [0x00000000e0000000,0x00000000e0000000,0x00000000eaa00000)
  from space 64512K, 28% used [0x00000000eaa00000,0x00000000ebbc46d8,0x00000000ee900000)
  to   space 61952K, 0% used [0x00000000f0380000,0x00000000f0380000,0x00000000f4000000)
 ParOldGen       total 118272K, used 117752K [0x00000000a0000000, 0x00000000a7380000, 0x00000000e0000000)
  object space 118272K, 99% used [0x00000000a0000000,0x00000000a72fe1b0,0x00000000a7380000)
 Metaspace       used 98663K, capacity 101282K, committed 101632K, reserved 1136640K
  class space    used 13409K, capacity 14032K, committed 14080K, reserved 1048576K
}
Event: 1052.118 GC heap before
{Heap before GC invocations=34 (full 5):
 PSYoungGen      total 238592K, used 18193K [0x00000000e0000000, 0x00000000f4000000, 0x0000000100000000)
  eden space 174080K, 0% used [0x00000000e0000000,0x00000000e0000000,0x00000000eaa00000)
  from space 64512K, 28% used [0x00000000eaa00000,0x00000000ebbc46d8,0x00000000ee900000)
  to   space 61952K, 0% used [0x00000000f0380000,0x00000000f0380000,0x00000000f4000000)
 ParOldGen       total 118272K, used 117752K [0x00000000a0000000, 0x00000000a7380000, 0x00000000e0000000)
  object space 118272K, 99% used [0x00000000a0000000,0x00000000a72fe1b0,0x00000000a7380000)
 Metaspace       used 98663K, capacity 101282K, committed 101632K, reserved 1136640K
  class space    used 13409K, capacity 14032K, committed 14080K, reserved 1048576K

